# JRE version: OpenJDK Runtime Environment (8.0_242-b01) (build 1.8.0_242-release-1644-b01)
# Java VM: OpenJDK 64-Bit Server VM (25.242-b01 mixed mode windows-amd64 compressed oops)
Heap:
 PSYoungGen      total 169984K, used 113421K [0x00000000d5580000, 0x00000000e2780000, 0x0000000100000000)
  eden space 129024K, 76% used [0x00000000d5580000,0x00000000db627430,0x00000000dd380000)
  from space 40960K, 35% used [0x00000000dff80000,0x00000000e0d9c090,0x00000000e2780000)
  to   space 43008K, 0% used [0x00000000dd380000,0x00000000dd380000,0x00000000dfd80000)
 ParOldGen       total 148480K, used 99426K [0x0000000080000000, 0x0000000089100000, 0x00000000d5580000)
  object space 148480K, 66% used [0x0000000080000000,0x00000000861188b8,0x0000000089100000)
 Metaspace       used 109894K, capacity 118786K, committed 118936K, reserved 1153024K
  class space    used 14406K, capacity 15905K, committed 16024K, reserved 1048576K
GC Heap History (10 events):
Event: 13394.081 GC heap before
{Heap before GC invocations=48 (full 4):
 PSYoungGen      total 160256K, used 156549K [0x00000000d5580000, 0x00000000e1a00000, 0x0000000100000000)
  eden space 126976K, 99% used [0x00000000d5580000,0x00000000dd171648,0x00000000dd180000)
  from space 33280K, 89% used [0x00000000dd180000,0x00000000dee6feb8,0x00000000df200000)
  to   space 35840K, 0% used [0x00000000df700000,0x00000000df700000,0x00000000e1a00000)
 ParOldGen       total 148480K, used 61723K [0x0000000080000000, 0x0000000089100000, 0x00000000d5580000)
  object space 148480K, 41% used [0x0000000080000000,0x0000000083c46eb0,0x0000000089100000)
 Metaspace       used 108500K, capacity 116122K, committed 116504K, reserved 1150976K
  class space    used 14207K, capacity 15537K, committed 15640K, reserved 1048576K
Event: 13394.150 GC heap after
Heap after GC invocations=48 (full 4):
 PSYoungGen      total 153600K, used 35833K [0x00000000d5580000, 0x00000000e3800000, 0x0000000100000000)
  eden space 117760K, 0% used [0x00000000d5580000,0x00000000d5580000,0x00000000dc880000)
  from space 35840K, 99% used [0x00000000df700000,0x00000000e19fe7f0,0x00000000e1a00000)
  to   space 47616K, 0% used [0x00000000dc880000,0x00000000dc880000,0x00000000df700000)
 ParOldGen       total 148480K, used 82848K [0x0000000080000000, 0x0000000089100000, 0x00000000d5580000)
  object space 148480K, 55% used [0x0000000080000000,0x00000000850e8058,0x0000000089100000)
 Metaspace       used 108500K, capacity 116122K, committed 116504K, reserved 1150976K
  class space    used 14207K, capacity 15537K, committed 15640K, reserved 1048576K
}
Event: 13425.558 GC heap before
{Heap before GC invocations=49 (full 4):
 PSYoungGen      total 153600K, used 153593K [0x00000000d5580000, 0x00000000e3800000, 0x0000000100000000)
  eden space 117760K, 100% used [0x00000000d5580000,0x00000000dc880000,0x00000000dc880000)
  from space 35840K, 99% used [0x00000000df700000,0x00000000e19fe7f0,0x00000000e1a00000)
  to   space 47616K, 0% used [0x00000000dc880000,0x00000000dc880000,0x00000000df700000)
 ParOldGen       total 148480K, used 82848K [0x0000000080000000, 0x0000000089100000, 0x00000000d5580000)
  object space 148480K, 55% used [0x0000000080000000,0x00000000850e8058,0x0000000089100000)
 Metaspace       used 108623K, capacity 116362K, committed 116504K, reserved 1150976K
  class space    used 14216K, capacity 15555K, committed 15640K, reserved 1048576K
Event: 13425.618 GC heap after
Heap after GC invocations=49 (full 4):
 PSYoungGen      total 165376K, used 25532K [0x00000000d5580000, 0x00000000e2a80000, 0x0000000100000000)
  eden space 117760K, 0% used [0x00000000d5580000,0x00000000d5580000,0x00000000dc880000)
  from space 47616K, 53% used [0x00000000dc880000,0x00000000de16f200,0x00000000df700000)
  to   space 46080K, 0% used [0x00000000dfd80000,0x00000000dfd80000,0x00000000e2a80000)
 ParOldGen       total 148480K, used 97930K [0x0000000080000000, 0x0000000089100000, 0x00000000d5580000)
  object space 148480K, 65% used [0x0000000080000000,0x0000000085fa2a38,0x0000000089100000)
 Metaspace       used 108623K, capacity 116362K, committed 116504K, reserved 1150976K
  class space    used 14216K, capacity 15555K, committed 15640K, reserved 1048576K
}
Event: 13452.000 GC heap before
{Heap before GC invocations=50 (full 4):
 PSYoungGen      total 165376K, used 143292K [0x00000000d5580000, 0x00000000e2a80000, 0x0000000100000000)
  eden space 117760K, 100% used [0x00000000d5580000,0x00000000dc880000,0x00000000dc880000)
  from space 47616K, 53% used [0x00000000dc880000,0x00000000de16f200,0x00000000df700000)
  to   space 46080K, 0% used [0x00000000dfd80000,0x00000000dfd80000,0x00000000e2a80000)
 ParOldGen       total 148480K, used 97930K [0x0000000080000000, 0x0000000089100000, 0x00000000d5580000)
  object space 148480K, 65% used [0x0000000080000000,0x0000000085fa2a38,0x0000000089100000)
 Metaspace       used 108705K, capacity 116456K, committed 116760K, reserved 1150976K
  class space    used 14219K, capacity 15560K, committed 15640K, reserved 1048576K
Event: 13452.026 GC heap after
Heap after GC invocations=50 (full 4):
 PSYoungGen      total 164864K, used 21283K [0x00000000d5580000, 0x00000000e2500000, 0x0000000100000000)
  eden space 124416K, 0% used [0x00000000d5580000,0x00000000d5580000,0x00000000dcf00000)
  from space 40448K, 52% used [0x00000000dfd80000,0x00000000e1248f08,0x00000000e2500000)
  to   space 44032K, 0% used [0x00000000dcf00000,0x00000000dcf00000,0x00000000dfa00000)
 ParOldGen       total 148480K, used 97938K [0x0000000080000000, 0x0000000089100000, 0x00000000d5580000)
  object space 148480K, 65% used [0x0000000080000000,0x0000000085fa4a38,0x0000000089100000)
 Metaspace       used 108705K, capacity 116456K, committed 116760K, reserved 1150976K
  class space    used 14219K, capacity 15560K, committed 15640K, reserved 1048576K
}
Event: 14706.105 GC heap before
{Heap before GC invocations=51 (full 4):
 PSYoungGen      total 164864K, used 145699K [0x00000000d5580000, 0x00000000e2500000, 0x0000000100000000)
  eden space 124416K, 100% used [0x00000000d5580000,0x00000000dcf00000,0x00000000dcf00000)
  from space 40448K, 52% used [0x00000000dfd80000,0x00000000e1248f08,0x00000000e2500000)
  to   space 44032K, 0% used [0x00000000dcf00000,0x00000000dcf00000,0x00000000dfa00000)
 ParOldGen       total 148480K, used 97938K [0x0000000080000000, 0x0000000089100000, 0x00000000d5580000)
  object space 148480K, 65% used [0x0000000080000000,0x0000000085fa4a38,0x0000000089100000)
 Metaspace       used 109570K, capacity 118352K, committed 118552K, reserved 1153024K
  class space    used 14389K, capacity 15876K, committed 15896K, reserved 1048576K
Event: 14706.168 GC heap after
Heap after GC invocations=51 (full 4):
 PSYoungGen      total 168448K, used 14656K [0x00000000d5580000, 0x00000000e2a80000, 0x0000000100000000)
  eden space 124416K, 0% used [0x00000000d5580000,0x00000000d5580000,0x00000000dcf00000)
  from space 44032K, 33% used [0x00000000dcf00000,0x00000000ddd500a0,0x00000000dfa00000)
  to   space 44032K, 0% used [0x00000000dff80000,0x00000000dff80000,0x00000000e2a80000)
 ParOldGen       total 148480K, used 99338K [0x0000000080000000, 0x0000000089100000, 0x00000000d5580000)
  object space 148480K, 66% used [0x0000000080000000,0x00000000861028b8,0x0000000089100000)
 Metaspace       used 109570K, capacity 118352K, committed 118552K, reserved 1153024K
  class space    used 14389K, capacity 15876K, committed 15896K, reserved 1048576K
}
Event: 15438.722 GC heap before
{Heap before GC invocations=52 (full 4):
 PSYoungGen      total 168448K, used 139072K [0x00000000d5580000, 0x00000000e2a80000, 0x0000000100000000)
  eden space 124416K, 100% used [0x00000000d5580000,0x00000000dcf00000,0x00000000dcf00000)
  from space 44032K, 33% used [0x00000000dcf00000,0x00000000ddd500a0,0x00000000dfa00000)
  to   space 44032K, 0% used [0x00000000dff80000,0x00000000dff80000,0x00000000e2a80000)
 ParOldGen       total 148480K, used 99338K [0x0000000080000000, 0x0000000089100000, 0x00000000d5580000)
  object space 148480K, 66% used [0x0000000080000000,0x00000000861028b8,0x0000000089100000)
 Metaspace       used 109787K, capacity 118718K, committed 118936K, reserved 1153024K
  class space    used 14405K, capacity 15905K, committed 16024K, reserved 1048576K
Event: 15438.746 GC heap after
Heap after GC invocations=52 (full 4):
 PSYoungGen      total 169984K, used 14448K [0x00000000d5580000, 0x00000000e2780000, 0x0000000100000000)
  eden space 129024K, 0% used [0x00000000d5580000,0x00000000d5580000,0x00000000dd380000)
  from space 40960K, 35% used [0x00000000dff80000,0x00000000e0d9c090,0x00000000e2780000)
  to   space 43008K, 0% used [0x00000000dd380000,0x00000000dd380000,0x00000000dfd80000)
 ParOldGen       total 148480K, used 99426K [0x0000000080000000, 0x0000000089100000, 0x00000000d5580000)
  object space 148480K, 66% used [0x0000000080000000,0x00000000861188b8,0x0000000089100000)
 Metaspace       used 109787K, capacity 118718K, committed 118936K, reserved 1153024K
  class space    used 14405K, capacity 15905K, committed 16024K, reserved 1048576K
}

