# JRE version: OpenJDK Runtime Environment (8.0_242-b01) (build 1.8.0_242-release-1644-b01)
# Java VM: OpenJDK 64-Bit Server VM (25.242-b01 mixed mode windows-amd64 compressed oops)
Heap:
 PSYoungGen      total 140800K, used 140777K [0x00000000d5580000, 0x00000000e0700000, 0x0000000100000000)
  eden space 124928K, 100% used [0x00000000d5580000,0x00000000dcf80000,0x00000000dcf80000)
  from space 15872K, 99% used [0x00000000dcf80000,0x00000000ddefa700,0x00000000ddf00000)
  to   space 19456K, 63% used [0x00000000df400000,0x00000000dfffa250,0x00000000e0700000)
 ParOldGen       total 90112K, used 45334K [0x0000000080000000, 0x0000000085800000, 0x00000000d5580000)
  object space 90112K, 50% used [0x0000000080000000,0x0000000082c45a98,0x0000000085800000)
 Metaspace       used 78094K, capacity 82252K, committed 82344K, reserved 1120256K
  class space    used 10790K, capacity 11611K, committed 11696K, reserved 1048576K
GC Heap History (10 events):
Event: 43.845 GC heap after
Heap after GC invocations=18 (full 2):
 PSYoungGen      total 118272K, used 10228K [0x00000000d5580000, 0x00000000dda80000, 0x0000000100000000)
  eden space 108032K, 0% used [0x00000000d5580000,0x00000000d5580000,0x00000000dbf00000)
  from space 10240K, 99% used [0x00000000dcc80000,0x00000000dd67d3d8,0x00000000dd680000)
  to   space 13824K, 0% used [0x00000000dbf00000,0x00000000dbf00000,0x00000000dcc80000)
 ParOldGen       total 54784K, used 23457K [0x0000000080000000, 0x0000000083580000, 0x00000000d5580000)
  object space 54784K, 42% used [0x0000000080000000,0x00000000816e8640,0x0000000083580000)
 Metaspace       used 49512K, capacity 51216K, committed 51368K, reserved 1093632K
  class space    used 6619K, capacity 6993K, committed 7088K, reserved 1048576K
}
Event: 54.179 GC heap before
{Heap before GC invocations=19 (full 2):
 PSYoungGen      total 118272K, used 106316K [0x00000000d5580000, 0x00000000dda80000, 0x0000000100000000)
  eden space 108032K, 88% used [0x00000000d5580000,0x00000000db355c58,0x00000000dbf00000)
  from space 10240K, 99% used [0x00000000dcc80000,0x00000000dd67d3d8,0x00000000dd680000)
  to   space 13824K, 0% used [0x00000000dbf00000,0x00000000dbf00000,0x00000000dcc80000)
 ParOldGen       total 54784K, used 23457K [0x0000000080000000, 0x0000000083580000, 0x00000000d5580000)
  object space 54784K, 42% used [0x0000000080000000,0x00000000816e8640,0x0000000083580000)
 Metaspace       used 57028K, capacity 59044K, committed 59160K, reserved 1099776K
  class space    used 7813K, capacity 8261K, committed 8368K, reserved 1048576K
Event: 54.215 GC heap after
Heap after GC invocations=19 (full 2):
 PSYoungGen      total 121856K, used 10315K [0x00000000d5580000, 0x00000000dee00000, 0x0000000100000000)
  eden space 108032K, 0% used [0x00000000d5580000,0x00000000d5580000,0x00000000dbf00000)
  from space 13824K, 74% used [0x00000000dbf00000,0x00000000dc912d78,0x00000000dcc80000)
  to   space 14848K, 0% used [0x00000000ddf80000,0x00000000ddf80000,0x00000000dee00000)
 ParOldGen       total 54784K, used 29729K [0x0000000080000000, 0x0000000083580000, 0x00000000d5580000)
  object space 54784K, 54% used [0x0000000080000000,0x0000000081d085e8,0x0000000083580000)
 Metaspace       used 57028K, capacity 59044K, committed 59160K, reserved 1099776K
  class space    used 7813K, capacity 8261K, committed 8368K, reserved 1048576K
}
Event: 54.215 GC heap before
{Heap before GC invocations=20 (full 3):
 PSYoungGen      total 121856K, used 10315K [0x00000000d5580000, 0x00000000dee00000, 0x0000000100000000)
  eden space 108032K, 0% used [0x00000000d5580000,0x00000000d5580000,0x00000000dbf00000)
  from space 13824K, 74% used [0x00000000dbf00000,0x00000000dc912d78,0x00000000dcc80000)
  to   space 14848K, 0% used [0x00000000ddf80000,0x00000000ddf80000,0x00000000dee00000)
 ParOldGen       total 54784K, used 29729K [0x0000000080000000, 0x0000000083580000, 0x00000000d5580000)
  object space 54784K, 54% used [0x0000000080000000,0x0000000081d085e8,0x0000000083580000)
 Metaspace       used 57028K, capacity 59044K, committed 59160K, reserved 1099776K
  class space    used 7813K, capacity 8261K, committed 8368K, reserved 1048576K
Event: 54.481 GC heap after
Heap after GC invocations=20 (full 3):
 PSYoungGen      total 121856K, used 0K [0x00000000d5580000, 0x00000000dee00000, 0x0000000100000000)
  eden space 108032K, 0% used [0x00000000d5580000,0x00000000d5580000,0x00000000dbf00000)
  from space 13824K, 0% used [0x00000000dbf00000,0x00000000dbf00000,0x00000000dcc80000)
  to   space 14848K, 0% used [0x00000000ddf80000,0x00000000ddf80000,0x00000000dee00000)
 ParOldGen       total 90112K, used 33704K [0x0000000080000000, 0x0000000085800000, 0x00000000d5580000)
  object space 90112K, 37% used [0x0000000080000000,0x00000000820ea150,0x0000000085800000)
 Metaspace       used 56990K, capacity 58912K, committed 59160K, reserved 1099776K
  class space    used 7802K, capacity 8239K, committed 8368K, reserved 1048576K
}
Event: 61.063 GC heap before
{Heap before GC invocations=21 (full 3):
 PSYoungGen      total 121856K, used 108032K [0x00000000d5580000, 0x00000000dee00000, 0x0000000100000000)
  eden space 108032K, 100% used [0x00000000d5580000,0x00000000dbf00000,0x00000000dbf00000)
  from space 13824K, 0% used [0x00000000dbf00000,0x00000000dbf00000,0x00000000dcc80000)
  to   space 14848K, 0% used [0x00000000ddf80000,0x00000000ddf80000,0x00000000dee00000)
 ParOldGen       total 90112K, used 33704K [0x0000000080000000, 0x0000000085800000, 0x00000000d5580000)
  object space 90112K, 37% used [0x0000000080000000,0x00000000820ea150,0x0000000085800000)
 Metaspace       used 60850K, capacity 63676K, committed 63912K, reserved 1103872K
  class space    used 8428K, capacity 9023K, committed 9136K, reserved 1048576K
Event: 61.077 GC heap after
Heap after GC invocations=21 (full 3):
 PSYoungGen      total 139776K, used 10850K [0x00000000d5580000, 0x00000000dee80000, 0x0000000100000000)
  eden space 124928K, 0% used [0x00000000d5580000,0x00000000d5580000,0x00000000dcf80000)
  from space 14848K, 73% used [0x00000000ddf80000,0x00000000dea18a08,0x00000000dee00000)
  to   space 15872K, 0% used [0x00000000dcf80000,0x00000000dcf80000,0x00000000ddf00000)
 ParOldGen       total 90112K, used 33712K [0x0000000080000000, 0x0000000085800000, 0x00000000d5580000)
  object space 90112K, 37% used [0x0000000080000000,0x00000000820ec150,0x0000000085800000)
 Metaspace       used 60850K, capacity 63676K, committed 63912K, reserved 1103872K
  class space    used 8428K, capacity 9023K, committed 9136K, reserved 1048576K
}
Event: 67.818 GC heap before
{Heap before GC invocations=22 (full 3):
 PSYoungGen      total 139776K, used 135778K [0x00000000d5580000, 0x00000000dee80000, 0x0000000100000000)
  eden space 124928K, 100% used [0x00000000d5580000,0x00000000dcf80000,0x00000000dcf80000)
  from space 14848K, 73% used [0x00000000ddf80000,0x00000000dea18a08,0x00000000dee00000)
  to   space 15872K, 0% used [0x00000000dcf80000,0x00000000dcf80000,0x00000000ddf00000)
 ParOldGen       total 90112K, used 33712K [0x0000000080000000, 0x0000000085800000, 0x00000000d5580000)
  object space 90112K, 37% used [0x0000000080000000,0x00000000820ec150,0x0000000085800000)
 Metaspace       used 66445K, capacity 69584K, committed 69672K, reserved 1110016K
  class space    used 9142K, capacity 9757K, committed 9776K, reserved 1048576K
Event: 67.837 GC heap after
Heap after GC invocations=22 (full 3):
 PSYoungGen      total 140800K, used 15849K [0x00000000d5580000, 0x00000000e0700000, 0x0000000100000000)
  eden space 124928K, 0% used [0x00000000d5580000,0x00000000d5580000,0x00000000dcf80000)
  from space 15872K, 99% used [0x00000000dcf80000,0x00000000ddefa700,0x00000000ddf00000)
  to   space 19456K, 0% used [0x00000000df400000,0x00000000df400000,0x00000000e0700000)
 ParOldGen       total 90112K, used 36970K [0x0000000080000000, 0x0000000085800000, 0x00000000d5580000)
  object space 90112K, 41% used [0x0000000080000000,0x000000008241ab30,0x0000000085800000)
 Metaspace       used 66445K, capacity 69584K, committed 69672K, reserved 1110016K
  class space    used 9142K, capacity 9757K, committed 9776K, reserved 1048576K
}
Event: 72.209 GC heap before
{Heap before GC invocations=23 (full 3):
 PSYoungGen      total 140800K, used 140777K [0x00000000d5580000, 0x00000000e0700000, 0x0000000100000000)
  eden space 124928K, 100% used [0x00000000d5580000,0x00000000dcf80000,0x00000000dcf80000)
  from space 15872K, 99% used [0x00000000dcf80000,0x00000000ddefa700,0x00000000ddf00000)
  to   space 19456K, 0% used [0x00000000df400000,0x00000000df400000,0x00000000e0700000)
 ParOldGen       total 90112K, used 36970K [0x0000000080000000, 0x0000000085800000, 0x00000000d5580000)
  object space 90112K, 41% used [0x0000000080000000,0x000000008241ab30,0x0000000085800000)
 Metaspace       used 78094K, capacity 82252K, committed 82344K, reserved 1120256K
  class space    used 10790K, capacity 11611K, committed 11696K, reserved 1048576K

